2026-05-09 01:49:51,408 - rpa_sharepoint_connector.auth - INFO - Starting device flow: tenant=consumers endpoint=https://login.microsoftonline.com/consumers/oauth2/v2.0/devicecode
2026-05-09 01:49:52,583 - httpx - INFO - HTTP Request: POST https://login.microsoftonline.com/consumers/oauth2/v2.0/devicecode "HTTP/1.1 200 OK"
2026-05-09 01:49:52,585 - rpa_sharepoint_connector.auth - INFO - Device flow started: user_code=H6EXZ9E2 expires_in=900 interval=5 verification_uri=https://www.microsoft.com/link
2026-05-09 01:49:52,626 - rpa_sharepoint_connector.auth - INFO - Polling device flow started: tenant=consumers endpoint=https://login.microsoftonline.com/consumers/oauth2/v2.0/token expires_in=900s interval=5s
2026-05-09 01:49:52,627 - rpa_sharepoint_connector.auth - INFO - Polling device flow: attempt=1 elapsed=0s interval=5s
2026-05-09 01:49:53,670 - httpx - INFO - HTTP Request: POST https://login.microsoftonline.com/consumers/oauth2/v2.0/token "HTTP/1.1 400 Bad Request"
2026-05-09 01:49:53,670 - rpa_sharepoint_connector.auth - INFO - Polling response: status=400 error=authorization_pending elapsed=0s
2026-05-09 01:49:58,671 - rpa_sharepoint_connector.auth - INFO - Polling device flow: attempt=2 elapsed=6s interval=5s
2026-05-09 01:49:59,681 - httpx - INFO - HTTP Request: POST https://login.microsoftonline.com/consumers/oauth2/v2.0/token "HTTP/1.1 400 Bad Request"
2026-05-09 01:49:59,682 - rpa_sharepoint_connector.auth - INFO - Polling response: status=400 error=authorization_pending elapsed=6s
2026-05-09 01:50:04,682 - rpa_sharepoint_connector.auth - INFO - Polling device flow: attempt=3 elapsed=12s interval=5s
2026-05-09 01:50:05,856 - httpx - INFO - HTTP Request: POST https://login.microsoftonline.com/consumers/oauth2/v2.0/token "HTTP/1.1 400 Bad Request"
2026-05-09 01:50:05,857 - rpa_sharepoint_connector.auth - INFO - Polling response: status=400 error=authorization_pending elapsed=12s
2026-05-09 01:50:10,857 - rpa_sharepoint_connector.auth - INFO - Polling device flow: attempt=4 elapsed=18s interval=5s
2026-05-09 01:50:11,998 - httpx - INFO - HTTP Request: POST https://login.microsoftonline.com/consumers/oauth2/v2.0/token "HTTP/1.1 400 Bad Request"
2026-05-09 01:50:11,999 - rpa_sharepoint_connector.auth - INFO - Polling response: status=400 error=authorization_pending elapsed=18s
2026-05-09 01:50:16,999 - rpa_sharepoint_connector.auth - INFO - Polling device flow: attempt=5 elapsed=24s interval=5s
2026-05-09 01:50:18,020 - httpx - INFO - HTTP Request: POST https://login.microsoftonline.com/consumers/oauth2/v2.0/token "HTTP/1.1 400 Bad Request"
2026-05-09 01:50:18,021 - rpa_sharepoint_connector.auth - INFO - Polling response: status=400 error=authorization_pending elapsed=24s
2026-05-09 01:50:23,022 - rpa_sharepoint_connector.auth - INFO - Polling device flow: attempt=6 elapsed=30s interval=5s
2026-05-09 01:50:24,855 - httpx - INFO - HTTP Request: POST https://login.microsoftonline.com/consumers/oauth2/v2.0/token "HTTP/1.1 400 Bad Request"
2026-05-09 01:50:24,856 - rpa_sharepoint_connector.auth - INFO - Polling response: status=400 error=authorization_pending elapsed=30s
2026-05-09 01:50:29,857 - rpa_sharepoint_connector.auth - INFO - Polling device flow: attempt=7 elapsed=37s interval=5s
2026-05-09 01:50:31,244 - httpx - INFO - HTTP Request: POST https://login.microsoftonline.com/consumers/oauth2/v2.0/token "HTTP/1.1 400 Bad Request"
2026-05-09 01:50:31,244 - rpa_sharepoint_connector.auth - INFO - Polling response: status=400 error=authorization_pending elapsed=37s
2026-05-09 01:50:36,245 - rpa_sharepoint_connector.auth - INFO - Polling device flow: attempt=8 elapsed=43s interval=5s
2026-05-09 01:50:37,246 - httpx - INFO - HTTP Request: POST https://login.microsoftonline.com/consumers/oauth2/v2.0/token "HTTP/1.1 400 Bad Request"
2026-05-09 01:50:37,246 - rpa_sharepoint_connector.auth - INFO - Polling response: status=400 error=authorization_pending elapsed=43s
2026-05-09 01:50:42,247 - rpa_sharepoint_connector.auth - INFO - Polling device flow: attempt=9 elapsed=49s interval=5s
2026-05-09 01:50:43,476 - httpx - INFO - HTTP Request: POST https://login.microsoftonline.com/consumers/oauth2/v2.0/token "HTTP/1.1 400 Bad Request"
2026-05-09 01:50:43,476 - rpa_sharepoint_connector.auth - INFO - Polling response: status=400 error=authorization_pending elapsed=49s
2026-05-09 01:50:48,477 - rpa_sharepoint_connector.auth - INFO - Polling device flow: attempt=10 elapsed=55s interval=5s
2026-05-09 01:50:49,788 - httpx - INFO - HTTP Request: POST https://login.microsoftonline.com/consumers/oauth2/v2.0/token "HTTP/1.1 400 Bad Request"
2026-05-09 01:50:49,789 - rpa_sharepoint_connector.auth - INFO - Polling response: status=400 error=authorization_pending elapsed=55s
2026-05-09 01:50:54,789 - rpa_sharepoint_connector.auth - INFO - Polling device flow: attempt=11 elapsed=62s interval=5s
2026-05-09 01:50:56,411 - httpx - INFO - HTTP Request: POST https://login.microsoftonline.com/consumers/oauth2/v2.0/token "HTTP/1.1 400 Bad Request"
2026-05-09 01:50:56,411 - rpa_sharepoint_connector.auth - INFO - Polling response: status=400 error=authorization_pending elapsed=62s
2026-05-09 01:51:01,413 - rpa_sharepoint_connector.auth - INFO - Polling device flow: attempt=12 elapsed=68s interval=5s
2026-05-09 01:51:03,051 - httpx - INFO - HTTP Request: POST https://login.microsoftonline.com/consumers/oauth2/v2.0/token "HTTP/1.1 400 Bad Request"
2026-05-09 01:51:03,051 - rpa_sharepoint_connector.auth - INFO - Polling response: status=400 error=authorization_pending elapsed=68s
2026-05-09 01:51:08,052 - rpa_sharepoint_connector.auth - INFO - Polling device flow: attempt=13 elapsed=75s interval=5s
2026-05-09 01:51:09,396 - httpx - INFO - HTTP Request: POST https://login.microsoftonline.com/consumers/oauth2/v2.0/token "HTTP/1.1 400 Bad Request"
2026-05-09 01:51:09,397 - rpa_sharepoint_connector.auth - INFO - Polling response: status=400 error=authorization_pending elapsed=75s
2026-05-09 01:51:14,398 - rpa_sharepoint_connector.auth - INFO - Polling device flow: attempt=14 elapsed=81s interval=5s
2026-05-09 01:51:16,262 - httpx - INFO - HTTP Request: POST https://login.microsoftonline.com/consumers/oauth2/v2.0/token "HTTP/1.1 400 Bad Request"
2026-05-09 01:51:16,262 - rpa_sharepoint_connector.auth - INFO - Polling response: status=400 error=authorization_pending elapsed=81s
2026-05-09 01:51:21,264 - rpa_sharepoint_connector.auth - INFO - Polling device flow: attempt=15 elapsed=88s interval=5s
2026-05-09 01:51:23,036 - httpx - INFO - HTTP Request: POST https://login.microsoftonline.com/consumers/oauth2/v2.0/token "HTTP/1.1 400 Bad Request"
2026-05-09 01:51:23,036 - rpa_sharepoint_connector.auth - INFO - Polling response: status=400 error=authorization_pending elapsed=88s
2026-05-09 01:51:28,037 - rpa_sharepoint_connector.auth - INFO - Polling device flow: attempt=16 elapsed=95s interval=5s
2026-05-09 01:51:29,580 - httpx - INFO - HTTP Request: POST https://login.microsoftonline.com/consumers/oauth2/v2.0/token "HTTP/1.1 400 Bad Request"
2026-05-09 01:51:29,581 - rpa_sharepoint_connector.auth - INFO - Polling response: status=400 error=authorization_pending elapsed=95s
2026-05-09 01:51:34,581 - rpa_sharepoint_connector.auth - INFO - Polling device flow: attempt=17 elapsed=101s interval=5s
2026-05-09 01:51:36,157 - httpx - INFO - HTTP Request: POST https://login.microsoftonline.com/consumers/oauth2/v2.0/token "HTTP/1.1 400 Bad Request"
2026-05-09 01:51:36,157 - rpa_sharepoint_connector.auth - INFO - Polling response: status=400 error=authorization_pending elapsed=101s
2026-05-09 01:51:41,158 - rpa_sharepoint_connector.auth - INFO - Polling device flow: attempt=18 elapsed=108s interval=5s
2026-05-09 01:51:43,022 - httpx - INFO - HTTP Request: POST https://login.microsoftonline.com/consumers/oauth2/v2.0/token "HTTP/1.1 400 Bad Request"
2026-05-09 01:51:43,022 - rpa_sharepoint_connector.auth - INFO - Polling response: status=400 error=authorization_pending elapsed=108s
2026-05-09 01:51:48,023 - rpa_sharepoint_connector.auth - INFO - Polling device flow: attempt=19 elapsed=115s interval=5s
2026-05-09 01:51:50,356 - httpx - INFO - HTTP Request: POST https://login.microsoftonline.com/consumers/oauth2/v2.0/token "HTTP/1.1 400 Bad Request"
2026-05-09 01:51:50,357 - rpa_sharepoint_connector.auth - INFO - Polling response: status=400 error=authorization_pending elapsed=115s
2026-05-09 01:51:55,357 - rpa_sharepoint_connector.auth - INFO - Polling device flow: attempt=20 elapsed=122s interval=5s
2026-05-09 01:51:56,940 - httpx - INFO - HTTP Request: POST https://login.microsoftonline.com/consumers/oauth2/v2.0/token "HTTP/1.1 400 Bad Request"
2026-05-09 01:51:56,941 - rpa_sharepoint_connector.auth - INFO - Polling response: status=400 error=authorization_pending elapsed=122s
2026-05-09 01:52:01,941 - rpa_sharepoint_connector.auth - INFO - Polling device flow: attempt=21 elapsed=129s interval=5s
2026-05-09 01:52:03,404 - httpx - INFO - HTTP Request: POST https://login.microsoftonline.com/consumers/oauth2/v2.0/token "HTTP/1.1 400 Bad Request"
2026-05-09 01:52:03,405 - rpa_sharepoint_connector.auth - INFO - Polling response: status=400 error=authorization_pending elapsed=129s
2026-05-09 01:52:08,406 - rpa_sharepoint_connector.auth - INFO - Polling device flow: attempt=22 elapsed=135s interval=5s
2026-05-09 01:52:09,660 - httpx - INFO - HTTP Request: POST https://login.microsoftonline.com/consumers/oauth2/v2.0/token "HTTP/1.1 400 Bad Request"
2026-05-09 01:52:09,660 - rpa_sharepoint_connector.auth - INFO - Polling response: status=400 error=authorization_pending elapsed=135s
2026-05-09 01:52:14,661 - rpa_sharepoint_connector.auth - INFO - Polling device flow: attempt=23 elapsed=142s interval=5s
2026-05-09 01:52:15,964 - httpx - INFO - HTTP Request: POST https://login.microsoftonline.com/consumers/oauth2/v2.0/token "HTTP/1.1 400 Bad Request"
2026-05-09 01:52:15,965 - rpa_sharepoint_connector.auth - INFO - Polling response: status=400 error=authorization_pending elapsed=142s
2026-05-09 01:52:20,965 - rpa_sharepoint_connector.auth - INFO - Polling device flow: attempt=24 elapsed=148s interval=5s
2026-05-09 01:52:22,257 - httpx - INFO - HTTP Request: POST https://login.microsoftonline.com/consumers/oauth2/v2.0/token "HTTP/1.1 400 Bad Request"
2026-05-09 01:52:22,258 - rpa_sharepoint_connector.auth - INFO - Polling response: status=400 error=authorization_pending elapsed=148s
2026-05-09 01:52:27,259 - rpa_sharepoint_connector.auth - INFO - Polling device flow: attempt=25 elapsed=154s interval=5s
2026-05-09 01:52:28,550 - httpx - INFO - HTTP Request: POST https://login.microsoftonline.com/consumers/oauth2/v2.0/token "HTTP/1.1 400 Bad Request"
2026-05-09 01:52:28,550 - rpa_sharepoint_connector.auth - INFO - Polling response: status=400 error=authorization_pending elapsed=154s
2026-05-09 01:52:33,551 - rpa_sharepoint_connector.auth - INFO - Polling device flow: attempt=26 elapsed=160s interval=5s
2026-05-09 01:52:34,782 - httpx - INFO - HTTP Request: POST https://login.microsoftonline.com/consumers/oauth2/v2.0/token "HTTP/1.1 400 Bad Request"
2026-05-09 01:52:34,782 - rpa_sharepoint_connector.auth - INFO - Polling response: status=400 error=authorization_pending elapsed=160s
2026-05-09 01:52:39,784 - rpa_sharepoint_connector.auth - INFO - Polling device flow: attempt=27 elapsed=167s interval=5s
2026-05-09 01:52:41,070 - httpx - INFO - HTTP Request: POST https://login.microsoftonline.com/consumers/oauth2/v2.0/token "HTTP/1.1 400 Bad Request"
2026-05-09 01:52:41,071 - rpa_sharepoint_connector.auth - INFO - Polling response: status=400 error=authorization_pending elapsed=167s
2026-05-09 01:52:46,071 - rpa_sharepoint_connector.auth - INFO - Polling device flow: attempt=28 elapsed=173s interval=5s
2026-05-09 01:52:47,649 - httpx - INFO - HTTP Request: POST https://login.microsoftonline.com/consumers/oauth2/v2.0/token "HTTP/1.1 400 Bad Request"
2026-05-09 01:52:47,650 - rpa_sharepoint_connector.auth - INFO - Polling response: status=400 error=authorization_pending elapsed=173s
2026-05-09 01:52:52,651 - rpa_sharepoint_connector.auth - INFO - Polling device flow: attempt=29 elapsed=180s interval=5s
2026-05-09 01:52:53,958 - httpx - INFO - HTTP Request: POST https://login.microsoftonline.com/consumers/oauth2/v2.0/token "HTTP/1.1 400 Bad Request"
2026-05-09 01:52:53,958 - rpa_sharepoint_connector.auth - INFO - Polling response: status=400 error=authorization_pending elapsed=180s
2026-05-09 01:52:58,959 - rpa_sharepoint_connector.auth - INFO - Polling device flow: attempt=30 elapsed=186s interval=5s
2026-05-09 01:53:00,379 - httpx - INFO - HTTP Request: POST https://login.microsoftonline.com/consumers/oauth2/v2.0/token "HTTP/1.1 400 Bad Request"
2026-05-09 01:53:00,380 - rpa_sharepoint_connector.auth - INFO - Polling response: status=400 error=authorization_pending elapsed=186s
2026-05-09 01:53:05,381 - rpa_sharepoint_connector.auth - INFO - Polling device flow: attempt=31 elapsed=192s interval=5s
2026-05-09 01:53:07,304 - httpx - INFO - HTTP Request: POST https://login.microsoftonline.com/consumers/oauth2/v2.0/token "HTTP/1.1 400 Bad Request"
2026-05-09 01:53:07,305 - rpa_sharepoint_connector.auth - INFO - Polling response: status=400 error=authorization_pending elapsed=192s
2026-05-09 01:53:12,306 - rpa_sharepoint_connector.auth - INFO - Polling device flow: attempt=32 elapsed=199s interval=5s
2026-05-09 01:53:14,349 - httpx - INFO - HTTP Request: POST https://login.microsoftonline.com/consumers/oauth2/v2.0/token "HTTP/1.1 400 Bad Request"
2026-05-09 01:53:14,349 - rpa_sharepoint_connector.auth - INFO - Polling response: status=400 error=authorization_pending elapsed=199s
2026-05-09 01:53:19,350 - rpa_sharepoint_connector.auth - INFO - Polling device flow: attempt=33 elapsed=206s interval=5s
2026-05-09 01:53:20,469 - httpx - INFO - HTTP Request: POST https://login.microsoftonline.com/consumers/oauth2/v2.0/token "HTTP/1.1 400 Bad Request"
2026-05-09 01:53:20,469 - rpa_sharepoint_connector.auth - INFO - Polling response: status=400 error=authorization_pending elapsed=206s
2026-05-09 01:53:25,470 - rpa_sharepoint_connector.auth - INFO - Polling device flow: attempt=34 elapsed=212s interval=5s
2026-05-09 01:53:26,925 - httpx - INFO - HTTP Request: POST https://login.microsoftonline.com/consumers/oauth2/v2.0/token "HTTP/1.1 400 Bad Request"
2026-05-09 01:53:26,925 - rpa_sharepoint_connector.auth - INFO - Polling response: status=400 error=authorization_pending elapsed=212s
2026-05-09 01:53:31,926 - rpa_sharepoint_connector.auth - INFO - Polling device flow: attempt=35 elapsed=219s interval=5s
2026-05-09 01:53:33,046 - httpx - INFO - HTTP Request: POST https://login.microsoftonline.com/consumers/oauth2/v2.0/token "HTTP/1.1 400 Bad Request"
2026-05-09 01:53:33,046 - rpa_sharepoint_connector.auth - INFO - Polling response: status=400 error=authorization_pending elapsed=219s
2026-05-09 01:53:38,047 - rpa_sharepoint_connector.auth - INFO - Polling device flow: attempt=36 elapsed=225s interval=5s
2026-05-09 01:53:39,618 - httpx - INFO - HTTP Request: POST https://login.microsoftonline.com/consumers/oauth2/v2.0/token "HTTP/1.1 400 Bad Request"
2026-05-09 01:53:39,618 - rpa_sharepoint_connector.auth - INFO - Polling response: status=400 error=authorization_pending elapsed=225s
2026-05-09 01:53:44,619 - rpa_sharepoint_connector.auth - INFO - Polling device flow: attempt=37 elapsed=231s interval=5s
2026-05-09 01:53:45,980 - httpx - INFO - HTTP Request: POST https://login.microsoftonline.com/consumers/oauth2/v2.0/token "HTTP/1.1 400 Bad Request"
2026-05-09 01:53:45,980 - rpa_sharepoint_connector.auth - INFO - Polling response: status=400 error=authorization_pending elapsed=231s
2026-05-09 01:53:50,981 - rpa_sharepoint_connector.auth - INFO - Polling device flow: attempt=38 elapsed=238s interval=5s
2026-05-09 01:53:52,405 - httpx - INFO - HTTP Request: POST https://login.microsoftonline.com/consumers/oauth2/v2.0/token "HTTP/1.1 400 Bad Request"
2026-05-09 01:53:52,405 - rpa_sharepoint_connector.auth - INFO - Polling response: status=400 error=authorization_pending elapsed=238s
2026-05-09 01:53:57,406 - rpa_sharepoint_connector.auth - INFO - Polling device flow: attempt=39 elapsed=244s interval=5s
2026-05-09 01:53:58,760 - httpx - INFO - HTTP Request: POST https://login.microsoftonline.com/consumers/oauth2/v2.0/token "HTTP/1.1 400 Bad Request"
2026-05-09 01:53:58,761 - rpa_sharepoint_connector.auth - INFO - Polling response: status=400 error=authorization_pending elapsed=244s
2026-05-09 01:54:03,762 - rpa_sharepoint_connector.auth - INFO - Polling device flow: attempt=40 elapsed=251s interval=5s
2026-05-09 01:54:05,113 - httpx - INFO - HTTP Request: POST https://login.microsoftonline.com/consumers/oauth2/v2.0/token "HTTP/1.1 400 Bad Request"
2026-05-09 01:54:05,114 - rpa_sharepoint_connector.auth - INFO - Polling response: status=400 error=authorization_pending elapsed=251s
2026-05-09 01:54:10,115 - rpa_sharepoint_connector.auth - INFO - Polling device flow: attempt=41 elapsed=257s interval=5s
2026-05-09 01:54:11,405 - httpx - INFO - HTTP Request: POST https://login.microsoftonline.com/consumers/oauth2/v2.0/token "HTTP/1.1 400 Bad Request"
2026-05-09 01:54:11,405 - rpa_sharepoint_connector.auth - INFO - Polling response: status=400 error=authorization_pending elapsed=257s
2026-05-09 01:54:16,406 - rpa_sharepoint_connector.auth - INFO - Polling device flow: attempt=42 elapsed=263s interval=5s
2026-05-09 01:54:17,708 - httpx - INFO - HTTP Request: POST https://login.microsoftonline.com/consumers/oauth2/v2.0/token "HTTP/1.1 400 Bad Request"
2026-05-09 01:54:17,709 - rpa_sharepoint_connector.auth - INFO - Polling response: status=400 error=authorization_pending elapsed=263s
2026-05-09 01:54:22,710 - rpa_sharepoint_connector.auth - INFO - Polling device flow: attempt=43 elapsed=270s interval=5s
2026-05-09 01:54:24,042 - httpx - INFO - HTTP Request: POST https://login.microsoftonline.com/consumers/oauth2/v2.0/token "HTTP/1.1 400 Bad Request"
2026-05-09 01:54:24,043 - rpa_sharepoint_connector.auth - INFO - Polling response: status=400 error=authorization_pending elapsed=270s
2026-05-09 01:54:29,043 - rpa_sharepoint_connector.auth - INFO - Polling device flow: attempt=44 elapsed=276s interval=5s
2026-05-09 01:54:30,593 - httpx - INFO - HTTP Request: POST https://login.microsoftonline.com/consumers/oauth2/v2.0/token "HTTP/1.1 400 Bad Request"
2026-05-09 01:54:30,593 - rpa_sharepoint_connector.auth - INFO - Polling response: status=400 error=authorization_pending elapsed=276s
2026-05-09 01:54:35,594 - rpa_sharepoint_connector.auth - INFO - Polling device flow: attempt=45 elapsed=282s interval=5s
2026-05-09 01:54:37,285 - httpx - INFO - HTTP Request: POST https://login.microsoftonline.com/consumers/oauth2/v2.0/token "HTTP/1.1 400 Bad Request"
2026-05-09 01:54:37,286 - rpa_sharepoint_connector.auth - INFO - Polling response: status=400 error=authorization_pending elapsed=282s
2026-05-09 01:54:42,287 - rpa_sharepoint_connector.auth - INFO - Polling device flow: attempt=46 elapsed=289s interval=5s
2026-05-09 01:54:43,601 - httpx - INFO - HTTP Request: POST https://login.microsoftonline.com/consumers/oauth2/v2.0/token "HTTP/1.1 400 Bad Request"
2026-05-09 01:54:43,601 - rpa_sharepoint_connector.auth - INFO - Polling response: status=400 error=authorization_pending elapsed=289s
2026-05-09 01:54:48,602 - rpa_sharepoint_connector.auth - INFO - Polling device flow: attempt=47 elapsed=295s interval=5s
2026-05-09 01:54:49,876 - httpx - INFO - HTTP Request: POST https://login.microsoftonline.com/consumers/oauth2/v2.0/token "HTTP/1.1 400 Bad Request"
2026-05-09 01:54:49,876 - rpa_sharepoint_connector.auth - INFO - Polling response: status=400 error=authorization_pending elapsed=295s
2026-05-09 01:54:54,877 - rpa_sharepoint_connector.auth - INFO - Polling device flow: attempt=48 elapsed=302s interval=5s
2026-05-09 01:54:56,249 - httpx - INFO - HTTP Request: POST https://login.microsoftonline.com/consumers/oauth2/v2.0/token "HTTP/1.1 400 Bad Request"
2026-05-09 01:54:56,250 - rpa_sharepoint_connector.auth - INFO - Polling response: status=400 error=authorization_pending elapsed=302s
2026-05-09 01:55:01,251 - rpa_sharepoint_connector.auth - INFO - Polling device flow: attempt=49 elapsed=308s interval=5s
2026-05-09 01:55:02,489 - httpx - INFO - HTTP Request: POST https://login.microsoftonline.com/consumers/oauth2/v2.0/token "HTTP/1.1 400 Bad Request"
2026-05-09 01:55:02,490 - rpa_sharepoint_connector.auth - INFO - Polling response: status=400 error=authorization_pending elapsed=308s
2026-05-09 01:55:07,491 - rpa_sharepoint_connector.auth - INFO - Polling device flow: attempt=50 elapsed=314s interval=5s
2026-05-09 01:55:08,621 - httpx - INFO - HTTP Request: POST https://login.microsoftonline.com/consumers/oauth2/v2.0/token "HTTP/1.1 400 Bad Request"
2026-05-09 01:55:08,622 - rpa_sharepoint_connector.auth - INFO - Polling response: status=400 error=authorization_pending elapsed=314s
2026-05-09 01:55:13,622 - rpa_sharepoint_connector.auth - INFO - Polling device flow: attempt=51 elapsed=320s interval=5s
2026-05-09 01:55:14,999 - httpx - INFO - HTTP Request: POST https://login.microsoftonline.com/consumers/oauth2/v2.0/token "HTTP/1.1 400 Bad Request"
2026-05-09 01:55:15,000 - rpa_sharepoint_connector.auth - INFO - Polling response: status=400 error=authorization_pending elapsed=320s
2026-05-09 01:55:20,001 - rpa_sharepoint_connector.auth - INFO - Polling device flow: attempt=52 elapsed=327s interval=5s
2026-05-09 01:55:21,232 - httpx - INFO - HTTP Request: POST https://login.microsoftonline.com/consumers/oauth2/v2.0/token "HTTP/1.1 400 Bad Request"
2026-05-09 01:55:21,233 - rpa_sharepoint_connector.auth - INFO - Polling response: status=400 error=authorization_pending elapsed=327s
2026-05-09 01:55:26,234 - rpa_sharepoint_connector.auth - INFO - Polling device flow: attempt=53 elapsed=333s interval=5s
2026-05-09 01:55:27,480 - httpx - INFO - HTTP Request: POST https://login.microsoftonline.com/consumers/oauth2/v2.0/token "HTTP/1.1 400 Bad Request"
2026-05-09 01:55:27,481 - rpa_sharepoint_connector.auth - INFO - Polling response: status=400 error=authorization_pending elapsed=333s
2026-05-09 01:55:32,481 - rpa_sharepoint_connector.auth - INFO - Polling device flow: attempt=54 elapsed=339s interval=5s
2026-05-09 01:55:33,778 - httpx - INFO - HTTP Request: POST https://login.microsoftonline.com/consumers/oauth2/v2.0/token "HTTP/1.1 400 Bad Request"
2026-05-09 01:55:33,778 - rpa_sharepoint_connector.auth - INFO - Polling response: status=400 error=authorization_pending elapsed=339s
2026-05-09 01:55:38,779 - rpa_sharepoint_connector.auth - INFO - Polling device flow: attempt=55 elapsed=346s interval=5s
2026-05-09 01:55:40,050 - httpx - INFO - HTTP Request: POST https://login.microsoftonline.com/consumers/oauth2/v2.0/token "HTTP/1.1 400 Bad Request"
2026-05-09 01:55:40,050 - rpa_sharepoint_connector.auth - INFO - Polling response: status=400 error=authorization_pending elapsed=346s
2026-05-09 01:55:45,051 - rpa_sharepoint_connector.auth - INFO - Polling device flow: attempt=56 elapsed=352s interval=5s
2026-05-09 01:55:46,508 - httpx - INFO - HTTP Request: POST https://login.microsoftonline.com/consumers/oauth2/v2.0/token "HTTP/1.1 400 Bad Request"
2026-05-09 01:55:46,509 - rpa_sharepoint_connector.auth - INFO - Polling response: status=400 error=authorization_pending elapsed=352s
2026-05-09 01:55:51,510 - rpa_sharepoint_connector.auth - INFO - Polling device flow: attempt=57 elapsed=358s interval=5s
2026-05-09 01:55:52,626 - httpx - INFO - HTTP Request: POST https://login.microsoftonline.com/consumers/oauth2/v2.0/token "HTTP/1.1 400 Bad Request"
2026-05-09 01:55:52,626 - rpa_sharepoint_connector.auth - INFO - Polling response: status=400 error=authorization_pending elapsed=358s
2026-05-09 01:55:57,627 - rpa_sharepoint_connector.auth - INFO - Polling device flow: attempt=58 elapsed=365s interval=5s
2026-05-09 01:55:58,664 - httpx - INFO - HTTP Request: POST https://login.microsoftonline.com/consumers/oauth2/v2.0/token "HTTP/1.1 400 Bad Request"
2026-05-09 01:55:58,665 - rpa_sharepoint_connector.auth - INFO - Polling response: status=400 error=authorization_pending elapsed=365s
2026-05-09 01:56:03,666 - rpa_sharepoint_connector.auth - INFO - Polling device flow: attempt=59 elapsed=371s interval=5s
2026-05-09 01:56:04,540 - httpx - INFO - HTTP Request: POST https://login.microsoftonline.com/consumers/oauth2/v2.0/token "HTTP/1.1 400 Bad Request"
2026-05-09 01:56:04,540 - rpa_sharepoint_connector.auth - INFO - Polling response: status=400 error=authorization_pending elapsed=371s
2026-05-09 01:56:09,542 - rpa_sharepoint_connector.auth - INFO - Polling device flow: attempt=60 elapsed=376s interval=5s
2026-05-09 01:56:10,741 - httpx - INFO - HTTP Request: POST https://login.microsoftonline.com/consumers/oauth2/v2.0/token "HTTP/1.1 400 Bad Request"
2026-05-09 01:56:10,741 - rpa_sharepoint_connector.auth - INFO - Polling response: status=400 error=authorization_pending elapsed=376s
2026-05-09 01:56:15,742 - rpa_sharepoint_connector.auth - INFO - Polling device flow: attempt=61 elapsed=383s interval=5s
2026-05-09 01:56:16,696 - httpx - INFO - HTTP Request: POST https://login.microsoftonline.com/consumers/oauth2/v2.0/token "HTTP/1.1 400 Bad Request"
2026-05-09 01:56:16,697 - rpa_sharepoint_connector.auth - INFO - Polling response: status=400 error=authorization_pending elapsed=383s
2026-05-09 01:56:21,698 - rpa_sharepoint_connector.auth - INFO - Polling device flow: attempt=62 elapsed=389s interval=5s
2026-05-09 01:56:22,722 - httpx - INFO - HTTP Request: POST https://login.microsoftonline.com/consumers/oauth2/v2.0/token "HTTP/1.1 400 Bad Request"
2026-05-09 01:56:22,723 - rpa_sharepoint_connector.auth - INFO - Polling response: status=400 error=authorization_pending elapsed=389s
2026-05-09 01:56:27,723 - rpa_sharepoint_connector.auth - INFO - Polling device flow: attempt=63 elapsed=395s interval=5s
2026-05-09 01:56:28,870 - httpx - INFO - HTTP Request: POST https://login.microsoftonline.com/consumers/oauth2/v2.0/token "HTTP/1.1 400 Bad Request"
2026-05-09 01:56:28,870 - rpa_sharepoint_connector.auth - INFO - Polling response: status=400 error=authorization_pending elapsed=395s
2026-05-09 01:56:33,871 - rpa_sharepoint_connector.auth - INFO - Polling device flow: attempt=64 elapsed=401s interval=5s
2026-05-09 01:56:35,021 - httpx - INFO - HTTP Request: POST https://login.microsoftonline.com/consumers/oauth2/v2.0/token "HTTP/1.1 400 Bad Request"
2026-05-09 01:56:35,022 - rpa_sharepoint_connector.auth - INFO - Polling response: status=400 error=authorization_pending elapsed=401s
2026-05-09 01:56:40,023 - rpa_sharepoint_connector.auth - INFO - Polling device flow: attempt=65 elapsed=407s interval=5s
2026-05-09 01:56:41,161 - httpx - INFO - HTTP Request: POST https://login.microsoftonline.com/consumers/oauth2/v2.0/token "HTTP/1.1 400 Bad Request"
2026-05-09 01:56:41,162 - rpa_sharepoint_connector.auth - INFO - Polling response: status=400 error=authorization_pending elapsed=407s
2026-05-09 01:56:46,163 - rpa_sharepoint_connector.auth - INFO - Polling device flow: attempt=66 elapsed=413s interval=5s
2026-05-09 01:56:47,470 - httpx - INFO - HTTP Request: POST https://login.microsoftonline.com/consumers/oauth2/v2.0/token "HTTP/1.1 400 Bad Request"
2026-05-09 01:56:47,470 - rpa_sharepoint_connector.auth - INFO - Polling response: status=400 error=authorization_pending elapsed=413s
2026-05-09 01:56:52,471 - rpa_sharepoint_connector.auth - INFO - Polling device flow: attempt=67 elapsed=419s interval=5s
2026-05-09 01:56:53,814 - httpx - INFO - HTTP Request: POST https://login.microsoftonline.com/consumers/oauth2/v2.0/token "HTTP/1.1 400 Bad Request"
2026-05-09 01:56:53,815 - rpa_sharepoint_connector.auth - INFO - Polling response: status=400 error=authorization_pending elapsed=419s
2026-05-09 01:56:58,816 - rpa_sharepoint_connector.auth - INFO - Polling device flow: attempt=68 elapsed=426s interval=5s
2026-05-09 01:57:00,004 - httpx - INFO - HTTP Request: POST https://login.microsoftonline.com/consumers/oauth2/v2.0/token "HTTP/1.1 400 Bad Request"
2026-05-09 01:57:00,004 - rpa_sharepoint_connector.auth - INFO - Polling response: status=400 error=authorization_pending elapsed=426s
2026-05-09 01:57:05,005 - rpa_sharepoint_connector.auth - INFO - Polling device flow: attempt=69 elapsed=432s interval=5s
2026-05-09 01:57:06,154 - httpx - INFO - HTTP Request: POST https://login.microsoftonline.com/consumers/oauth2/v2.0/token "HTTP/1.1 400 Bad Request"
2026-05-09 01:57:06,154 - rpa_sharepoint_connector.auth - INFO - Polling response: status=400 error=authorization_pending elapsed=432s
2026-05-09 01:57:11,155 - rpa_sharepoint_connector.auth - INFO - Polling device flow: attempt=70 elapsed=438s interval=5s
2026-05-09 01:57:12,140 - httpx - INFO - HTTP Request: POST https://login.microsoftonline.com/consumers/oauth2/v2.0/token "HTTP/1.1 400 Bad Request"
2026-05-09 01:57:12,141 - rpa_sharepoint_connector.auth - INFO - Polling response: status=400 error=authorization_pending elapsed=438s
2026-05-09 01:57:17,142 - rpa_sharepoint_connector.auth - INFO - Polling device flow: attempt=71 elapsed=444s interval=5s
2026-05-09 01:57:18,390 - httpx - INFO - HTTP Request: POST https://login.microsoftonline.com/consumers/oauth2/v2.0/token "HTTP/1.1 400 Bad Request"
2026-05-09 01:57:18,702 - rpa_sharepoint_connector.auth - INFO - Polling response: status=400 error=authorization_pending elapsed=444s
2026-05-09 01:57:23,703 - rpa_sharepoint_connector.auth - INFO - Polling device flow: attempt=72 elapsed=451s interval=5s
2026-05-09 01:57:24,829 - httpx - INFO - HTTP Request: POST https://login.microsoftonline.com/consumers/oauth2/v2.0/token "HTTP/1.1 400 Bad Request"
2026-05-09 01:57:24,829 - rpa_sharepoint_connector.auth - INFO - Polling response: status=400 error=authorization_pending elapsed=451s
2026-05-09 01:57:29,830 - rpa_sharepoint_connector.auth - INFO - Polling device flow: attempt=73 elapsed=457s interval=5s
2026-05-09 01:57:30,969 - httpx - INFO - HTTP Request: POST https://login.microsoftonline.com/consumers/oauth2/v2.0/token "HTTP/1.1 400 Bad Request"
2026-05-09 01:57:30,997 - rpa_sharepoint_connector.auth - INFO - Polling response: status=400 error=authorization_pending elapsed=457s
2026-05-09 01:57:35,998 - rpa_sharepoint_connector.auth - INFO - Polling device flow: attempt=74 elapsed=463s interval=5s
2026-05-09 01:57:37,423 - httpx - INFO - HTTP Request: POST https://login.microsoftonline.com/consumers/oauth2/v2.0/token "HTTP/1.1 400 Bad Request"
2026-05-09 01:57:37,424 - rpa_sharepoint_connector.auth - INFO - Polling response: status=400 error=authorization_pending elapsed=463s
2026-05-09 01:57:42,425 - rpa_sharepoint_connector.auth - INFO - Polling device flow: attempt=75 elapsed=469s interval=5s
2026-05-09 01:57:43,361 - httpx - INFO - HTTP Request: POST https://login.microsoftonline.com/consumers/oauth2/v2.0/token "HTTP/1.1 400 Bad Request"
2026-05-09 01:57:43,362 - rpa_sharepoint_connector.auth - INFO - Polling response: status=400 error=authorization_pending elapsed=469s
2026-05-09 01:57:48,362 - rpa_sharepoint_connector.auth - INFO - Polling device flow: attempt=76 elapsed=475s interval=5s
2026-05-09 01:57:49,376 - httpx - INFO - HTTP Request: POST https://login.microsoftonline.com/consumers/oauth2/v2.0/token "HTTP/1.1 400 Bad Request"
2026-05-09 01:57:49,377 - rpa_sharepoint_connector.auth - INFO - Polling response: status=400 error=authorization_pending elapsed=475s
2026-05-09 01:57:54,378 - rpa_sharepoint_connector.auth - INFO - Polling device flow: attempt=77 elapsed=481s interval=5s
2026-05-09 01:57:55,536 - httpx - INFO - HTTP Request: POST https://login.microsoftonline.com/consumers/oauth2/v2.0/token "HTTP/1.1 400 Bad Request"
2026-05-09 01:57:55,536 - rpa_sharepoint_connector.auth - INFO - Polling response: status=400 error=authorization_pending elapsed=481s
2026-05-09 01:58:00,537 - rpa_sharepoint_connector.auth - INFO - Polling device flow: attempt=78 elapsed=487s interval=5s
2026-05-09 01:58:01,451 - httpx - INFO - HTTP Request: POST https://login.microsoftonline.com/consumers/oauth2/v2.0/token "HTTP/1.1 400 Bad Request"
2026-05-09 01:58:01,452 - rpa_sharepoint_connector.auth - INFO - Polling response: status=400 error=authorization_pending elapsed=487s
2026-05-09 01:58:06,452 - rpa_sharepoint_connector.auth - INFO - Polling device flow: attempt=79 elapsed=493s interval=5s
2026-05-09 01:58:08,046 - httpx - INFO - HTTP Request: POST https://login.microsoftonline.com/consumers/oauth2/v2.0/token "HTTP/1.1 400 Bad Request"
2026-05-09 01:58:08,047 - rpa_sharepoint_connector.auth - INFO - Polling response: status=400 error=authorization_pending elapsed=493s
2026-05-09 01:58:13,048 - rpa_sharepoint_connector.auth - INFO - Polling device flow: attempt=80 elapsed=500s interval=5s
2026-05-09 01:58:13,976 - httpx - INFO - HTTP Request: POST https://login.microsoftonline.com/consumers/oauth2/v2.0/token "HTTP/1.1 400 Bad Request"
2026-05-09 01:58:13,976 - rpa_sharepoint_connector.auth - INFO - Polling response: status=400 error=authorization_pending elapsed=500s
2026-05-09 01:58:18,977 - rpa_sharepoint_connector.auth - INFO - Polling device flow: attempt=81 elapsed=506s interval=5s
2026-05-09 01:58:20,340 - httpx - INFO - HTTP Request: POST https://login.microsoftonline.com/consumers/oauth2/v2.0/token "HTTP/1.1 400 Bad Request"
2026-05-09 01:58:20,340 - rpa_sharepoint_connector.auth - INFO - Polling response: status=400 error=authorization_pending elapsed=506s
2026-05-09 01:58:25,342 - rpa_sharepoint_connector.auth - INFO - Polling device flow: attempt=82 elapsed=512s interval=5s
2026-05-09 01:58:26,241 - httpx - INFO - HTTP Request: POST https://login.microsoftonline.com/consumers/oauth2/v2.0/token "HTTP/1.1 400 Bad Request"
2026-05-09 01:58:26,242 - rpa_sharepoint_connector.auth - INFO - Polling response: status=400 error=authorization_pending elapsed=512s
2026-05-09 01:58:31,243 - rpa_sharepoint_connector.auth - INFO - Polling device flow: attempt=83 elapsed=518s interval=5s
2026-05-09 01:58:32,370 - httpx - INFO - HTTP Request: POST https://login.microsoftonline.com/consumers/oauth2/v2.0/token "HTTP/1.1 400 Bad Request"
2026-05-09 01:58:32,371 - rpa_sharepoint_connector.auth - INFO - Polling response: status=400 error=authorization_pending elapsed=518s
2026-05-09 01:58:37,371 - rpa_sharepoint_connector.auth - INFO - Polling device flow: attempt=84 elapsed=524s interval=5s
2026-05-09 01:58:38,421 - httpx - INFO - HTTP Request: POST https://login.microsoftonline.com/consumers/oauth2/v2.0/token "HTTP/1.1 400 Bad Request"
2026-05-09 01:58:38,422 - rpa_sharepoint_connector.auth - INFO - Polling response: status=400 error=authorization_pending elapsed=524s
2026-05-09 01:58:43,423 - rpa_sharepoint_connector.auth - INFO - Polling device flow: attempt=85 elapsed=530s interval=5s
2026-05-09 01:58:44,863 - httpx - INFO - HTTP Request: POST https://login.microsoftonline.com/consumers/oauth2/v2.0/token "HTTP/1.1 400 Bad Request"
2026-05-09 01:58:44,864 - rpa_sharepoint_connector.auth - INFO - Polling response: status=400 error=authorization_pending elapsed=530s
2026-05-09 01:58:49,865 - rpa_sharepoint_connector.auth - INFO - Polling device flow: attempt=86 elapsed=537s interval=5s
2026-05-09 01:58:50,797 - httpx - INFO - HTTP Request: POST https://login.microsoftonline.com/consumers/oauth2/v2.0/token "HTTP/1.1 400 Bad Request"
2026-05-09 01:58:50,798 - rpa_sharepoint_connector.auth - INFO - Polling response: status=400 error=authorization_pending elapsed=537s
2026-05-09 01:58:55,798 - rpa_sharepoint_connector.auth - INFO - Polling device flow: attempt=87 elapsed=543s interval=5s
2026-05-09 01:58:56,886 - httpx - INFO - HTTP Request: POST https://login.microsoftonline.com/consumers/oauth2/v2.0/token "HTTP/1.1 400 Bad Request"
2026-05-09 01:58:56,887 - rpa_sharepoint_connector.auth - INFO - Polling response: status=400 error=authorization_pending elapsed=543s
2026-05-09 01:59:01,887 - rpa_sharepoint_connector.auth - INFO - Polling device flow: attempt=88 elapsed=549s interval=5s
2026-05-09 01:59:02,933 - httpx - INFO - HTTP Request: POST https://login.microsoftonline.com/consumers/oauth2/v2.0/token "HTTP/1.1 400 Bad Request"
2026-05-09 01:59:02,934 - rpa_sharepoint_connector.auth - INFO - Polling response: status=400 error=authorization_pending elapsed=549s
2026-05-09 01:59:07,935 - rpa_sharepoint_connector.auth - INFO - Polling device flow: attempt=89 elapsed=555s interval=5s
2026-05-09 01:59:08,921 - httpx - INFO - HTTP Request: POST https://login.microsoftonline.com/consumers/oauth2/v2.0/token "HTTP/1.1 400 Bad Request"
2026-05-09 01:59:08,921 - rpa_sharepoint_connector.auth - INFO - Polling response: status=400 error=authorization_pending elapsed=555s
2026-05-09 01:59:13,922 - rpa_sharepoint_connector.auth - INFO - Polling device flow: attempt=90 elapsed=561s interval=5s
2026-05-09 01:59:14,982 - httpx - INFO - HTTP Request: POST https://login.microsoftonline.com/consumers/oauth2/v2.0/token "HTTP/1.1 400 Bad Request"
2026-05-09 01:59:14,984 - rpa_sharepoint_connector.auth - INFO - Polling response: status=400 error=authorization_pending elapsed=561s
2026-05-09 01:59:19,985 - rpa_sharepoint_connector.auth - INFO - Polling device flow: attempt=91 elapsed=567s interval=5s
2026-05-09 01:59:20,906 - httpx - INFO - HTTP Request: POST https://login.microsoftonline.com/consumers/oauth2/v2.0/token "HTTP/1.1 400 Bad Request"
2026-05-09 01:59:20,906 - rpa_sharepoint_connector.auth - INFO - Polling response: status=400 error=authorization_pending elapsed=567s
2026-05-09 01:59:25,907 - rpa_sharepoint_connector.auth - INFO - Polling device flow: attempt=92 elapsed=573s interval=5s
2026-05-09 01:59:27,173 - httpx - INFO - HTTP Request: POST https://login.microsoftonline.com/consumers/oauth2/v2.0/token "HTTP/1.1 400 Bad Request"
2026-05-09 01:59:27,175 - rpa_sharepoint_connector.auth - INFO - Polling response: status=400 error=authorization_pending elapsed=573s
2026-05-09 01:59:32,176 - rpa_sharepoint_connector.auth - INFO - Polling device flow: attempt=93 elapsed=579s interval=5s
2026-05-09 01:59:33,399 - httpx - INFO - HTTP Request: POST https://login.microsoftonline.com/consumers/oauth2/v2.0/token "HTTP/1.1 400 Bad Request"
2026-05-09 01:59:33,400 - rpa_sharepoint_connector.auth - INFO - Polling response: status=400 error=authorization_pending elapsed=579s
2026-05-09 01:59:38,401 - rpa_sharepoint_connector.auth - INFO - Polling device flow: attempt=94 elapsed=585s interval=5s
2026-05-09 01:59:39,578 - httpx - INFO - HTTP Request: POST https://login.microsoftonline.com/consumers/oauth2/v2.0/token "HTTP/1.1 400 Bad Request"
2026-05-09 01:59:39,579 - rpa_sharepoint_connector.auth - INFO - Polling response: status=400 error=authorization_pending elapsed=585s
2026-05-09 01:59:44,579 - rpa_sharepoint_connector.auth - INFO - Polling device flow: attempt=95 elapsed=591s interval=5s
2026-05-09 01:59:46,223 - httpx - INFO - HTTP Request: POST https://login.microsoftonline.com/consumers/oauth2/v2.0/token "HTTP/1.1 400 Bad Request"
2026-05-09 01:59:46,223 - rpa_sharepoint_connector.auth - INFO - Polling response: status=400 error=authorization_pending elapsed=591s
2026-05-09 01:59:51,224 - rpa_sharepoint_connector.auth - INFO - Polling device flow: attempt=96 elapsed=598s interval=5s
2026-05-09 01:59:52,368 - httpx - INFO - HTTP Request: POST https://login.microsoftonline.com/consumers/oauth2/v2.0/token "HTTP/1.1 400 Bad Request"
2026-05-09 01:59:52,369 - rpa_sharepoint_connector.auth - INFO - Polling response: status=400 error=authorization_pending elapsed=598s
